<?xml version="1.0" encoding="UTF-8"?>
<testsuite xmlns:xsi="http://www.w3.org/2001/XMLSchema-instance" xsi:noNamespaceSchemaLocation="https://maven.apache.org/surefire/maven-surefire-plugin/xsd/surefire-test-report-3.0.xsd" version="3.0" name="com.tracersoftware.api.ServicesTest" time="0.152" tests="4" errors="0" skipped="0" failures="0">
  <properties>
[...]
</properties>
  <testcase name="reportsService_reads_health" classname="com.tracersoftware.api.ServicesTest" time="0.131"/>
  <testcase name="settingsService_reads_settings" classname="com.tracersoftware.api.ServicesTest" time="0.001"/>
  <testcase name="ordersService_reads_fake_json" classname="com.tracersoftware.api.ServicesTest" time="0.002"/>
  <testcase name="inventoryService_reads_fake_json" classname="com.tracersoftware.api.ServicesTest" time="0.001"/>
</testsuite>